<?xml version="1.0" encoding="UTF-8"?>
<!-- Generated by org.testng.reporters.JUnitXMLReporter -->
<testsuite ignored="0" hostname="DESKTOP-NA9ARPV" failures="0" tests="10" name="CRM Application Test" time="286.053" errors="0" timestamp="20 Jul 2022 09:39:01 GMT">
  <testcase classname="com.crm.qa.testcases.LoginPagetest" name="loginPageTitleTest" time="0.024"/>
  <testcase classname="com.crm.qa.testcases.HomePageTest" name="verifyHomePageTitleTest" time="0.015"/>
  <testcase classname="com.crm.qa.testcases.ContactsPageTest" name="verifyContactsLableTest" time="0.077"/>
  <testcase classname="com.crm.qa.testcases.LoginPagetest" name="crmLogoImageTest" time="0.075"/>
  <testcase classname="com.crm.qa.testcases.HomePageTest" name="verifyUsernameTest" time="0.139"/>
  <testcase classname="com.crm.qa.testcases.ContactsPageTest" name="SelectContactsByNameTest" time="0.153"/>
  <testcase classname="com.crm.qa.testcases.LoginPagetest" name="loginTest" time="51.783"/>
  <testcase classname="com.crm.qa.testcases.HomePageTest" name="verifyContactsLinkTest" time="1.662"/>
  <testcase classname="com.crm.qa.testcases.ContactsPageTest" name="SelectMultipleContactsTest" time="0.232"/>
  <testcase classname="com.crm.qa.testcases.ContactsPageTest" name="validateCreateNewContact" time="35.887"/>
</testsuite> <!-- CRM Application Test -->
